\BOOKMARK [1][-]{section.0.1}{Klinische Instabilit\344t}{}% 1
\BOOKMARK [1][-]{section.0.2}{Auswahl der Werte}{}% 2
\BOOKMARK [2][-]{subsection.0.2.1}{Atlanto-occipitale Dislokation}{section.0.2}% 3
\BOOKMARK [2][-]{subsection.0.2.2}{Atlantoaxiale Dislokation}{section.0.2}% 4
\BOOKMARK [1][-]{section.0.3}{Harris Measurements}{}% 5
\BOOKMARK [2][-]{subsection.0.3.1}{Definiton}{section.0.3}% 6
\BOOKMARK [2][-]{subsection.0.3.2}{Statistik}{section.0.3}% 7
\BOOKMARK [2][-]{subsection.0.3.3}{Patholgischer Wert}{section.0.3}% 8
\BOOKMARK [2][-]{subsection.0.3.4}{Anwendbarkeit}{section.0.3}% 9
\BOOKMARK [1][-]{section.0.4}{Laterl Mass Intervall}{}% 10
\BOOKMARK [2][-]{subsection.0.4.1}{Definition}{section.0.4}% 11
\BOOKMARK [2][-]{subsection.0.4.2}{Definition}{section.0.4}% 12
\BOOKMARK [1][-]{section.0.5}{Statistik}{}% 13
\BOOKMARK [2][-]{subsection.0.5.1}{Validit\344t}{section.0.5}% 14
\BOOKMARK [2][-]{subsection.0.5.2}{Reliabili\344t}{section.0.5}% 15
\BOOKMARK [2][-]{subsection.0.5.3}{Stabilit\344t}{section.0.5}% 16
\BOOKMARK [1][-]{section.0.6}{Lateral Mass Displacement}{}% 17
\BOOKMARK [2][-]{subsection.0.6.1}{Definition}{section.0.6}% 18
\BOOKMARK [2][-]{subsection.0.6.2}{Statistik}{section.0.6}% 19
\BOOKMARK [2][-]{subsection.0.6.3}{Pathologischer Wert}{section.0.6}% 20
